2023-10-28 23:59:33,597 INFO o.a.j.u.JMeterUtils: Setting Locale to en_EN
2023-10-28 23:59:33,624 INFO o.a.j.JMeter: Loading user properties from: user.properties
2023-10-28 23:59:33,624 INFO o.a.j.JMeter: Loading system properties from: system.properties
2023-10-28 23:59:33,632 INFO o.a.j.JMeter: Copyright (c) 1998-2022 The Apache Software Foundation
2023-10-28 23:59:33,632 INFO o.a.j.JMeter: Version 5.5
2023-10-28 23:59:33,632 INFO o.a.j.JMeter: java.version=1.8.0_352
2023-10-28 23:59:33,632 INFO o.a.j.JMeter: java.vm.name=OpenJDK 64-Bit Server VM
2023-10-28 23:59:33,632 INFO o.a.j.JMeter: os.name=Mac OS X
2023-10-28 23:59:33,632 INFO o.a.j.JMeter: os.arch=x86_64
2023-10-28 23:59:33,632 INFO o.a.j.JMeter: os.version=10.15.7
2023-10-28 23:59:33,633 INFO o.a.j.JMeter: file.encoding=UTF-8
2023-10-28 23:59:33,633 INFO o.a.j.JMeter: java.awt.headless=null
2023-10-28 23:59:33,633 INFO o.a.j.JMeter: Max memory     =1073741824
2023-10-28 23:59:33,633 INFO o.a.j.JMeter: Available Processors =8
2023-10-28 23:59:33,637 INFO o.a.j.JMeter: Default Locale=English (EN)
2023-10-28 23:59:33,637 INFO o.a.j.JMeter: JMeter  Locale=English (EN)
2023-10-28 23:59:33,637 INFO o.a.j.JMeter: JMeterHome=/Users/lihui/Di-Matrix/jmeter-5.5/dm-jmeter
2023-10-28 23:59:33,637 INFO o.a.j.JMeter: user.dir  =/Users/lihui/mysterious-jmeter/bin
2023-10-28 23:59:33,638 INFO o.a.j.JMeter: PWD       =/Users/lihui/mysterious-jmeter/bin
2023-10-28 23:59:33,686 INFO o.a.j.JMeter: IP: 0.0.7.231 Name: 2023 FullName: 0.0.7.231
